#
# There is insufficient memory for the Java Runtime Environment to continue.
# Native memory allocation (mmap) failed to map 257949696 bytes for G1 virtual space
# Possible reasons:
#   The system is out of physical RAM or swap space
#   The process is running with CompressedOops enabled, and the Java Heap may be blocking the growth of the native heap
# Possible solutions:
#   Reduce memory load on the system
#   Increase physical memory or swap space
#   Check if swap backing store is full
#   Decrease Java heap size (-Xmx/-Xms)
#   Decrease number of Java threads
#   Decrease Java thread stack sizes (-Xss)
#   Set larger code cache with -XX:ReservedCodeCacheSize=
#   JVM is running with Zero Based Compressed Oops mode in which the Java heap is
#     placed in the first 32GB address space. The Java Heap base address is the
#     maximum limit for the native heap growth. Please use -XX:HeapBaseMinAddress
#     to set the Java Heap base and to place the Java Heap above 32GB virtual address.
# This output file may be truncated or incomplete.
#
#  Out of Memory Error (os_windows.cpp:3527), pid=11088, tid=29952
#
# JRE version:  (19.0+36) (build )
# Java VM: Java HotSpot(TM) 64-Bit Server VM (19+36-2238, mixed mode, sharing, tiered, compressed oops, compressed class ptrs, g1 gc, windows-amd64)
# No core dump will be written. Minidumps are not enabled by default on client versions of Windows
#

---------------  S U M M A R Y ------------

Command Line: -Dfile.encoding=UTF-8 --module-path=C:\Users\USER\Documents\NetBeansProjects\assignment\build\classes assignment.Assignment

Host: AMD Ryzen 5 4600H with Radeon Graphics         , 12 cores, 15G,  Windows 10 , 64 bit Build 19041 (10.0.19041.2364)
Time: Mon Jan 16 22:53:54 2023 Malay Peninsula Standard Time elapsed time: 0.014509 seconds (0d 0h 0m 0s)

---------------  T H R E A D  ---------------

Current thread (0x000001fabf36c730):  JavaThread "Unknown thread" [_thread_in_vm, id=29952, stack(0x0000000a4f500000,0x0000000a4f600000)]

Stack: [0x0000000a4f500000,0x0000000a4f600000]
Native frames: (J=compiled Java code, j=interpreted, Vv=VM code, C=native code)
V  [jvm.dll+0x6ee8fa]
V  [jvm.dll+0x857a1e]
V  [jvm.dll+0x85940e]
V  [jvm.dll+0x859ac3]
V  [jvm.dll+0x28291f]
V  [jvm.dll+0x6eb6e9]
V  [jvm.dll+0x6e028a]
V  [jvm.dll+0x357136]
V  [jvm.dll+0x35eb96]
V  [jvm.dll+0x3b555e]
V  [jvm.dll+0x3b578f]
V  [jvm.dll+0x32c6ea]
V  [jvm.dll+0x32d59e]
V  [jvm.dll+0x821b20]
V  [jvm.dll+0x3c27c1]
V  [jvm.dll+0x8022f1]
V  [jvm.dll+0x44b30f]
V  [jvm.dll+0x44cc91]
C  [jli.dll+0x5287]
C  [ucrtbase.dll+0x21bb2]
C  [KERNEL32.DLL+0x17614]
C  [ntdll.dll+0x526a1]


---------------  P R O C E S S  ---------------

Threads class SMR info:
_java_thread_list=0x00007ffc9afcd048, length=0, elements={
}

Java Threads: ( => current thread )

Other Threads:
  0x000001fabf3dc0d0 WorkerThread "GC Thread#0" [stack: 0x0000000a4f600000,0x0000000a4f700000] [id=26844]
  0x000001fabf3ec6d0 ConcurrentGCThread "G1 Main Marker" [stack: 0x0000000a4f700000,0x0000000a4f800000] [id=28392]
  0x000001fabf3ed000 WorkerThread "G1 Conc#0" [stack: 0x0000000a4f800000,0x0000000a4f900000] [id=30576]

[error occurred during error reporting (printing all threads), id 0xc0000005, EXCEPTION_ACCESS_VIOLATION (0xc0000005) at pc=0x00007ffc9a78d127]

VM state: not at safepoint (not fully initialized)

VM Mutex/Monitor currently owned by a thread:  ([mutex/lock_event])
[0x000001fabf3674e0] Heap_lock - owner thread: 0x000001fabf36c730

Heap address: 0x000000070a000000, size: 3936 MB, Compressed Oops mode: Zero based, Oop shift amount: 3

CDS archive(s) mapped at: [0x0000000000000000-0x0000000000000000-0x0000000000000000), size 0, SharedBaseAddress: 0x0000000800000000, ArchiveRelocationMode: 0.
Narrow klass base: 0x0000000000000000, Narrow klass shift: 0, Narrow klass range: 0x0

GC Precious Log:
 CardTable entry size: 512
 Card Set container configuration: InlinePtr #cards 4 size 8 Array Of Cards #cards 8 size 32 Howl #buckets 8 coarsen threshold 3686 Howl Bitmap #cards 512 size 80 coarsen threshold 460 Card regions per heap region 1 cards per card region 4096

Heap:
 garbage-first heap   total 0K, used 0K [0x000000070a000000, 0x0000000800000000)
  region size 2048K, 0 young (0K), 0 survivors (0K)

[error occurred during error reporting (printing heap information), id 0xc0000005, EXCEPTION_ACCESS_VIOLATION (0xc0000005) at pc=0x00007ffc9ab96959]

GC Heap History (0 events):
No events

Dll operation events (1 events):
Event: 0.008 Loaded shared library C:\Program Files\Java\jdk-19\bin\java.dll

Deoptimization events (0 events):
No events

Classes loaded (0 events):
No events

Classes unloaded (0 events):
No events

Classes redefined (0 events):
No events

Internal exceptions (0 events):
No events

VM Operations (0 events):
No events

Events (0 events):
No events


Dynamic libraries:
0x00007ff770920000 - 0x00007ff770930000 	C:\Program Files\Java\jdk-19\bin\java.exe
0x00007ffce85f0000 - 0x00007ffce87e8000 	C:\Windows\SYSTEM32\ntdll.dll
0x00007ffce7be0000 - 0x00007ffce7c9f000 	C:\Windows\System32\KERNEL32.DLL
0x00007ffce5f90000 - 0x00007ffce6262000 	C:\Windows\System32\KERNELBASE.dll
0x00007ffce6460000 - 0x00007ffce6560000 	C:\Windows\System32\ucrtbase.dll
0x00007ffce2b30000 - 0x00007ffce2b48000 	C:\Program Files\Java\jdk-19\bin\jli.dll
0x00007ffcd8d40000 - 0x00007ffcd8d5b000 	C:\Program Files\Java\jdk-19\bin\VCRUNTIME140.dll
0x00007ffce7770000 - 0x00007ffce781e000 	C:\Windows\System32\ADVAPI32.dll
0x00007ffce7120000 - 0x00007ffce71be000 	C:\Windows\System32\msvcrt.dll
0x00007ffce7e20000 - 0x00007ffce7ebc000 	C:\Windows\System32\sechost.dll
0x00007ffce6fe0000 - 0x00007ffce7105000 	C:\Windows\System32\RPCRT4.dll
0x00007ffce7ec0000 - 0x00007ffce8061000 	C:\Windows\System32\USER32.dll
0x00007ffce6380000 - 0x00007ffce63a2000 	C:\Windows\System32\win32u.dll
0x00007ffcd5780000 - 0x00007ffcd5a1a000 	C:\Windows\WinSxS\amd64_microsoft.windows.common-controls_6595b64144ccf1df_6.0.19041.1110_none_60b5254171f9507e\COMCTL32.dll
0x00007ffce7600000 - 0x00007ffce762b000 	C:\Windows\System32\GDI32.dll
0x00007ffce6270000 - 0x00007ffce637f000 	C:\Windows\System32\gdi32full.dll
0x00007ffce6560000 - 0x00007ffce65fd000 	C:\Windows\System32\msvcp_win.dll
0x00007ffcda890000 - 0x00007ffcda89a000 	C:\Windows\SYSTEM32\VERSION.dll
0x00007ffce7de0000 - 0x00007ffce7e12000 	C:\Windows\System32\IMM32.DLL
0x00007ffcddef0000 - 0x00007ffcddefc000 	C:\Program Files\Java\jdk-19\bin\vcruntime140_1.dll
0x00007ffca7d50000 - 0x00007ffca7dde000 	C:\Program Files\Java\jdk-19\bin\msvcp140.dll
0x00007ffc9a450000 - 0x00007ffc9b110000 	C:\Program Files\Java\jdk-19\bin\server\jvm.dll
0x00007ffce2b60000 - 0x00007ffce2b69000 	C:\Windows\SYSTEM32\WSOCK32.dll
0x00007ffce84e0000 - 0x00007ffce854b000 	C:\Windows\System32\WS2_32.dll
0x00007ffce2c20000 - 0x00007ffce2c47000 	C:\Windows\SYSTEM32\WINMM.dll
0x00007ffce4560000 - 0x00007ffce4572000 	C:\Windows\SYSTEM32\kernel.appcore.dll
0x00007ffcddb30000 - 0x00007ffcddb3a000 	C:\Program Files\Java\jdk-19\bin\jimage.dll
0x00007ffce3da0000 - 0x00007ffce3f84000 	C:\Windows\SYSTEM32\DBGHELP.DLL
0x00007ffcccc80000 - 0x00007ffccccb5000 	C:\Windows\SYSTEM32\dbgcore.DLL
0x00007ffce5f00000 - 0x00007ffce5f82000 	C:\Windows\System32\bcryptPrimitives.dll
0x00007ffcd64b0000 - 0x00007ffcd64d6000 	C:\Program Files\Java\jdk-19\bin\java.dll

dbghelp: loaded successfully - version: 4.0.5 - missing functions: none
symbol engine: initialized successfully - sym options: 0x614 - pdb path: .;C:\Program Files\Java\jdk-19\bin;C:\Windows\SYSTEM32;C:\Windows\WinSxS\amd64_microsoft.windows.common-controls_6595b64144ccf1df_6.0.19041.1110_none_60b5254171f9507e;C:\Program Files\Java\jdk-19\bin\server

VM Arguments:
jvm_args: -Dfile.encoding=UTF-8 --module-path=C:\Users\USER\Documents\NetBeansProjects\assignment\build\classes 
java_command: assignment.Assignment
java_class_path (initial): C:\Users\USER\Documents\NetBeansProjects\assignment\build\classes
Launcher Type: SUN_STANDARD

[Global flags]
     intx CICompilerCount                          = 4                                         {product} {ergonomic}
     uint ConcGCThreads                            = 3                                         {product} {ergonomic}
     uint G1ConcRefinementThreads                  = 10                                        {product} {ergonomic}
   size_t G1HeapRegionSize                         = 2097152                                   {product} {ergonomic}
    uintx GCDrainStackTargetSize                   = 64                                        {product} {ergonomic}
   size_t InitialHeapSize                          = 257949696                                 {product} {ergonomic}
   size_t MarkStackSize                            = 4194304                                   {product} {ergonomic}
   size_t MaxHeapSize                              = 4127195136                                {product} {ergonomic}
   size_t MinHeapDeltaBytes                        = 2097152                                   {product} {ergonomic}
   size_t MinHeapSize                              = 8388608                                   {product} {ergonomic}
    uintx NonNMethodCodeHeapSize                   = 5839372                                {pd product} {ergonomic}
    uintx NonProfiledCodeHeapSize                  = 122909434                              {pd product} {ergonomic}
    uintx ProfiledCodeHeapSize                     = 122909434                              {pd product} {ergonomic}
    uintx ReservedCodeCacheSize                    = 251658240                              {pd product} {ergonomic}
     bool SegmentedCodeCache                       = true                                      {product} {ergonomic}
   size_t SoftMaxHeapSize                          = 4127195136                             {manageable} {ergonomic}
     bool UseCompressedClassPointers               = true                           {product lp64_product} {ergonomic}
     bool UseCompressedOops                        = true                           {product lp64_product} {ergonomic}
     bool UseG1GC                                  = true                                      {product} {ergonomic}
     bool UseLargePagesIndividualAllocation        = false                                  {pd product} {ergonomic}

Logging:
Log output configuration:
 #0: stdout all=warning uptime,level,tags foldmultilines=false
 #1: stderr all=off uptime,level,tags foldmultilines=false

Environment Variables:
PATH=C:\Program Files\Common Files\Oracle\Java\javapath;C:\Program Files (x86)\Common Files\Oracle\Java\javapath;C:\Windows\system32;C:\Windows;C:\Windows\System32\Wbem;C:\Windows\System32\WindowsPowerShell\v1.0\;C:\Windows\System32\OpenSSH\;C:\Program Files (x86)\Windows Live\Shared;C:\Program Files\Git\cmd;C:\Users\USER\AppData\Local\Programs\Python\Python311\Scripts\;C:\Users\USER\AppData\Local\Programs\Python\Python311\;C:\Program Files\MySQL\MySQL Shell 8.0\bin\;C:\Users\USER\AppData\Local\Microsoft\WindowsApps;C:\Users\USER\AppData\Local\Programs\Microsoft VS Code\bin;C:\Program Files\Git\cmd;
USERNAME=USER
OS=Windows_NT
PROCESSOR_IDENTIFIER=AMD64 Family 23 Model 96 Stepping 1, AuthenticAMD
TMP=C:\Users\USER\AppData\Local\Temp
TEMP=C:\Users\USER\AppData\Local\Temp



---------------  S Y S T E M  ---------------

OS:
 Windows 10 , 64 bit Build 19041 (10.0.19041.2364)
OS uptime: 3 days 8:11 hours

CPU: total 12 (initial active 12) (12 cores per cpu, 2 threads per core) family 23 model 96 stepping 1 microcode 0x0, cx8, cmov, fxsr, ht, mmx, 3dnowpref, sse, sse2, sse3, ssse3, sse4a, sse4.1, sse4.2, popcnt, lzcnt, tsc, tscinvbit, avx, avx2, aes, clmul, bmi1, bmi2, adx, sha, fma, vzeroupper, clflush, clflushopt, rdtscp, rdpid

Memory: 4k page, system-wide physical 15741M (3748M free)
TotalPageFile size 46170M (AvailPageFile size 105M)
current process WorkingSet (physical memory assigned to process): 10M, peak: 10M
current process commit charge ("private bytes"): 64M, peak: 310M

vm_info: Java HotSpot(TM) 64-Bit Server VM (19+36-2238) for windows-amd64 JRE (19+36-2238), built on 2022-08-12T20:29:01Z by "mach5one" with MS VC++ 17.1 (VS2022)

END.
